# JRE version: Java(TM) SE Runtime Environment (7.0_67-b01) (build 1.7.0_67-b01)
# Java VM: Java HotSpot(TM) Client VM (24.65-b04 mixed mode windows-x86 )
Heap
 def new generation   total 39616K, used 725K [0x06800000, 0x092f0000, 0x0bd50000)
  eden space 35264K,   2% used [0x06800000, 0x068b5738, 0x08a70000)
  from space 4352K,   0% used [0x08eb0000, 0x08eb0000, 0x092f0000)
  to   space 4352K,   0% used [0x08a70000, 0x08a70000, 0x08eb0000)
 tenured generation   total 87800K, used 33172K [0x0bd50000, 0x1130e000, 0x16800000)
   the space 87800K,  37% used [0x0bd50000, 0x0ddb52b8, 0x0ddb5400, 0x1130e000)
 compacting perm gen  total 65536K, used 65533K [0x16800000, 0x1a800000, 0x1a800000)
   the space 65536K,  99% used [0x16800000, 0x1a7ff590, 0x1a7ff600, 0x1a800000)
GC Heap History (10 events):
Event: 600.737 GC heap before
{Heap before GC invocations=161 (full 20):
 def new generation   total 39616K, used 35264K [0x06800000, 0x092f0000, 0x0bd50000)
  eden space 35264K, 100% used [0x06800000, 0x08a70000, 0x08a70000)
  from space 4352K,   0% used [0x08a70000, 0x08a70000, 0x08eb0000)
  to   space 4352K,   0% used [0x08eb0000, 0x08eb0000, 0x092f0000)
 tenured generation   total 87800K, used 29807K [0x0bd50000, 0x1130e000, 0x16800000)
   the space 87800K,  33% used [0x0bd50000, 0x0da6bfd0, 0x0da6c000, 0x1130e000)
 compacting perm gen  total 65536K, used 65512K [0x16800000, 0x1a800000, 0x1a800000)
   the space 65536K,  99% used [0x16800000, 0x1a7fa2f0, 0x1a7fa400, 0x1a800000)
No shared spaces configured.
Event: 600.748 GC heap after
Heap after GC invocations=162 (full 20):
 def new generation   total 39616K, used 4352K [0x06800000, 0x092f0000, 0x0bd50000)
  eden space 35264K,   0% used [0x06800000, 0x06800000, 0x08a70000)
  from space 4352K, 100% used [0x08eb0000, 0x092f0000, 0x092f0000)
  to   space 4352K,   0% used [0x08a70000, 0x08a70000, 0x08eb0000)
 tenured generation   total 87800K, used 32850K [0x0bd50000, 0x1130e000, 0x16800000)
   the space 87800K,  37% used [0x0bd50000, 0x0dd64928, 0x0dd64a00, 0x1130e000)
 compacting perm gen  total 65536K, used 65512K [0x16800000, 0x1a800000, 0x1a800000)
   the space 65536K,  99% used [0x16800000, 0x1a7fa2f0, 0x1a7fa400, 0x1a800000)
No shared spaces configured.
}
Event: 653.602 GC heap before
{Heap before GC invocations=162 (full 20):
 def new generation   total 39616K, used 39616K [0x06800000, 0x092f0000, 0x0bd50000)
  eden space 35264K, 100% used [0x06800000, 0x08a70000, 0x08a70000)
  from space 4352K, 100% used [0x08eb0000, 0x092f0000, 0x092f0000)
  to   space 4352K,   0% used [0x08a70000, 0x08a70000, 0x08eb0000)
 tenured generation   total 87800K, used 32850K [0x0bd50000, 0x1130e000, 0x16800000)
   the space 87800K,  37% used [0x0bd50000, 0x0dd64928, 0x0dd64a00, 0x1130e000)
 compacting perm gen  total 65536K, used 65518K [0x16800000, 0x1a800000, 0x1a800000)
   the space 65536K,  99% used [0x16800000, 0x1a7fba88, 0x1a7fbc00, 0x1a800000)
No shared spaces configured.
Event: 653.619 GC heap after
Heap after GC invocations=163 (full 20):
 def new generation   total 39616K, used 4352K [0x06800000, 0x092f0000, 0x0bd50000)
  eden space 35264K,   0% used [0x06800000, 0x06800000, 0x08a70000)
  from space 4352K, 100% used [0x08a70000, 0x08eb0000, 0x08eb0000)
  to   space 4352K,   0% used [0x08eb0000, 0x08eb0000, 0x092f0000)
 tenured generation   total 87800K, used 40461K [0x0bd50000, 0x1130e000, 0x16800000)
   the space 87800K,  46% used [0x0bd50000, 0x0e4d35f8, 0x0e4d3600, 0x1130e000)
 compacting perm gen  total 65536K, used 65518K [0x16800000, 0x1a800000, 0x1a800000)
   the space 65536K,  99% used [0x16800000, 0x1a7fba88, 0x1a7fbc00, 0x1a800000)
No shared spaces configured.
}
Event: 707.253 GC heap before
{Heap before GC invocations=163 (full 20):
 def new generation   total 39616K, used 39616K [0x06800000, 0x092f0000, 0x0bd50000)
  eden space 35264K, 100% used [0x06800000, 0x08a70000, 0x08a70000)
  from space 4352K, 100% used [0x08a70000, 0x08eb0000, 0x08eb0000)
  to   space 4352K,   0% used [0x08eb0000, 0x08eb0000, 0x092f0000)
 tenured generation   total 87800K, used 40461K [0x0bd50000, 0x1130e000, 0x16800000)
   the space 87800K,  46% used [0x0bd50000, 0x0e4d35f8, 0x0e4d3600, 0x1130e000)
 compacting perm gen  total 65536K, used 65518K [0x16800000, 0x1a800000, 0x1a800000)
   the space 65536K,  99% used [0x16800000, 0x1a7fba88, 0x1a7fbc00, 0x1a800000)
No shared spaces configured.
Event: 707.264 GC heap after
Heap after GC invocations=164 (full 20):
 def new generation   total 39616K, used 4351K [0x06800000, 0x092f0000, 0x0bd50000)
  eden space 35264K,   0% used [0x06800000, 0x06800000, 0x08a70000)
  from space 4352K,  99% used [0x08eb0000, 0x092efff8, 0x092f0000)
  to   space 4352K,   0% used [0x08a70000, 0x08a70000, 0x08eb0000)
 tenured generation   total 87800K, used 48123K [0x0bd50000, 0x1130e000, 0x16800000)
   the space 87800K,  54% used [0x0bd50000, 0x0ec4ef20, 0x0ec4f000, 0x1130e000)
 compacting perm gen  total 65536K, used 65518K [0x16800000, 0x1a800000, 0x1a800000)
   the space 65536K,  99% used [0x16800000, 0x1a7fba88, 0x1a7fbc00, 0x1a800000)
No shared spaces configured.
}
Event: 717.892 GC heap before
{Heap before GC invocations=164 (full 20):
 def new generation   total 39616K, used 11749K [0x06800000, 0x092f0000, 0x0bd50000)
  eden space 35264K,  20% used [0x06800000, 0x06f39770, 0x08a70000)
  from space 4352K,  99% used [0x08eb0000, 0x092efff8, 0x092f0000)
  to   space 4352K,   0% used [0x08a70000, 0x08a70000, 0x08eb0000)
 tenured generation   total 87800K, used 48123K [0x0bd50000, 0x1130e000, 0x16800000)
   the space 87800K,  54% used [0x0bd50000, 0x0ec4ef20, 0x0ec4f000, 0x1130e000)
 compacting perm gen  total 65536K, used 65533K [0x16800000, 0x1a800000, 0x1a800000)
   the space 65536K,  99% used [0x16800000, 0x1a7ff590, 0x1a7ff600, 0x1a800000)
No shared spaces configured.
Event: 718.051 GC heap after
Heap after GC invocations=165 (full 21):
 def new generation   total 39616K, used 0K [0x06800000, 0x092f0000, 0x0bd50000)
  eden space 35264K,   0% used [0x06800000, 0x06800000, 0x08a70000)
  from space 4352K,   0% used [0x08eb0000, 0x08eb0000, 0x092f0000)
  to   space 4352K,   0% used [0x08a70000, 0x08a70000, 0x08eb0000)
 tenured generation   total 87800K, used 33172K [0x0bd50000, 0x1130e000, 0x16800000)
   the space 87800K,  37% used [0x0bd50000, 0x0ddb52a0, 0x0ddb5400, 0x1130e000)
 compacting perm gen  total 65536K, used 65533K [0x16800000, 0x1a800000, 0x1a800000)
   the space 65536K,  99% used [0x16800000, 0x1a7ff590, 0x1a7ff600, 0x1a800000)
No shared spaces configured.
}
Event: 718.051 GC heap before
{Heap before GC invocations=165 (full 21):
 def new generation   total 39616K, used 723K [0x06800000, 0x092f0000, 0x0bd50000)
  eden space 35264K,   2% used [0x06800000, 0x068b4ef0, 0x08a70000)
  from space 4352K,   0% used [0x08eb0000, 0x08eb0000, 0x092f0000)
  to   space 4352K,   0% used [0x08a70000, 0x08a70000, 0x08eb0000)
 tenured generation   total 87800K, used 33172K [0x0bd50000, 0x1130e000, 0x16800000)
   the space 87800K,  37% used [0x0bd50000, 0x0ddb52a0, 0x0ddb5400, 0x1130e000)
 compacting perm gen  total 65536K, used 65533K [0x16800000, 0x1a800000, 0x1a800000)
   the space 65536K,  99% used [0x16800000, 0x1a7ff590, 0x1a7ff600, 0x1a800000)
No shared spaces configured.
Event: 718.192 GC heap after
Heap after GC invocations=166 (full 22):
 def new generation   total 39616K, used 0K [0x06800000, 0x092f0000, 0x0bd50000)
  eden space 35264K,   0% used [0x06800000, 0x06800000, 0x08a70000)
  from space 4352K,   0% used [0x08eb0000, 0x08eb0000, 0x092f0000)
  to   space 4352K,   0% used [0x08a70000, 0x08a70000, 0x08eb0000)
 tenured generation   total 87800K, used 33172K [0x0bd50000, 0x1130e000, 0x16800000)
   the space 87800K,  37% used [0x0bd50000, 0x0ddb52b8, 0x0ddb5400, 0x1130e000)
 compacting perm gen  total 65536K, used 65533K [0x16800000, 0x1a800000, 0x1a800000)
   the space 65536K,  99% used [0x16800000, 0x1a7ff590, 0x1a7ff600, 0x1a800000)
No shared spaces configured.
}

